<?xml version="1.0" encoding="UTF-8" ?>
<testsuite failures="0" time="0.248" errors="0" skipped="1" tests="31" name="com.skilrock.lms.rest.scratchService.pwtMgmt.controller.ScratchWinningControllerTest">
  <properties>
    <property name="java.runtime.name" value="Java(TM) SE Runtime Environment"/>
    <property name="sun.boot.library.path" value="/home/stpl/Softwares/jdk1.7.0_79/jre/lib/amd64"/>
    <property name="java.vm.version" value="24.79-b02"/>
    <property name="java.vm.vendor" value="Oracle Corporation"/>
    <property name="maven.multiModuleProjectDirectory" value="/home/stpl/ANUJWS/GitProjectsNew/RMS"/>
    <property name="java.vendor.url" value="http://java.oracle.com/"/>
    <property name="path.separator" value=":"/>
    <property name="guice.disable.misplaced.annotation.check" value="true"/>
    <property name="java.vm.name" value="Java HotSpot(TM) 64-Bit Server VM"/>
    <property name="file.encoding.pkg" value="sun.io"/>
    <property name="user.country" value="IN"/>
    <property name="sun.java.launcher" value="SUN_STANDARD"/>
    <property name="sun.os.patch.level" value="unknown"/>
    <property name="java.vm.specification.name" value="Java Virtual Machine Specification"/>
    <property name="user.dir" value="/home/stpl/ANUJWS/GitProjectsNew/RMS"/>
    <property name="java.runtime.version" value="1.7.0_79-b15"/>
    <property name="java.awt.graphicsenv" value="sun.awt.X11GraphicsEnvironment"/>
    <property name="java.endorsed.dirs" value="/home/stpl/Softwares/jdk1.7.0_79/jre/lib/endorsed"/>
    <property name="os.arch" value="amd64"/>
    <property name="java.io.tmpdir" value="/tmp"/>
    <property name="line.separator" value="
"/>
    <property name="java.vm.specification.vendor" value="Oracle Corporation"/>
    <property name="os.name" value="Linux"/>
    <property name="classworlds.conf" value="/home/stpl/Softwares/apache-maven-3.3.9/bin/m2.conf"/>
    <property name="sun.jnu.encoding" value="UTF-8"/>
    <property name="java.library.path" value="/usr/java/packages/lib/amd64:/usr/lib64:/lib64:/lib:/usr/lib"/>
    <property name="java.specification.name" value="Java Platform API Specification"/>
    <property name="java.class.version" value="51.0"/>
    <property name="sun.management.compiler" value="HotSpot 64-Bit Tiered Compilers"/>
    <property name="os.version" value="3.19.0-25-generic"/>
    <property name="user.home" value="/home/stpl"/>
    <property name="user.timezone" value="Asia/Kolkata"/>
    <property name="java.awt.printerjob" value="sun.print.PSPrinterJob"/>
    <property name="file.encoding" value="UTF-8"/>
    <property name="java.specification.version" value="1.7"/>
    <property name="user.name" value="stpl"/>
    <property name="java.class.path" value="/home/stpl/Softwares/apache-maven-3.3.9/boot/plexus-classworlds-2.5.2.jar"/>
    <property name="java.vm.specification.version" value="1.7"/>
    <property name="sun.arch.data.model" value="64"/>
    <property name="java.home" value="/home/stpl/Softwares/jdk1.7.0_79/jre"/>
    <property name="sun.java.command" value="org.codehaus.plexus.classworlds.launcher.Launcher clean install -e"/>
    <property name="java.specification.vendor" value="Oracle Corporation"/>
    <property name="user.language" value="en"/>
    <property name="awt.toolkit" value="sun.awt.X11.XToolkit"/>
    <property name="java.vm.info" value="mixed mode"/>
    <property name="java.version" value="1.7.0_79"/>
    <property name="java.ext.dirs" value="/home/stpl/Softwares/jdk1.7.0_79/jre/lib/ext:/usr/java/packages/lib/ext"/>
    <property name="securerandom.source" value="file:/dev/./urandom"/>
    <property name="sun.boot.class.path" value="/home/stpl/Softwares/jdk1.7.0_79/jre/lib/resources.jar:/home/stpl/Softwares/jdk1.7.0_79/jre/lib/rt.jar:/home/stpl/Softwares/jdk1.7.0_79/jre/lib/sunrsasign.jar:/home/stpl/Softwares/jdk1.7.0_79/jre/lib/jsse.jar:/home/stpl/Softwares/jdk1.7.0_79/jre/lib/jce.jar:/home/stpl/Softwares/jdk1.7.0_79/jre/lib/charsets.jar:/home/stpl/Softwares/jdk1.7.0_79/jre/lib/jfr.jar:/home/stpl/Softwares/jdk1.7.0_79/jre/classes"/>
    <property name="java.vendor" value="Oracle Corporation"/>
    <property name="maven.home" value="/home/stpl/Softwares/apache-maven-3.3.9"/>
    <property name="file.separator" value="/"/>
    <property name="java.vendor.url.bug" value="http://bugreport.sun.com/bugreport/"/>
    <property name="sun.cpu.endian" value="little"/>
    <property name="sun.io.unicode.encoding" value="UnicodeLittle"/>
    <property name="sun.desktop" value="gnome"/>
    <property name="sun.cpu.isalist" value=""/>
  </properties>
  <testcase time="0.023" classname="com.skilrock.lms.rest.scratchService.pwtMgmt.controller.ScratchWinningControllerTest" name="verifyAndPayWinning_ReturnsMessageVIRNNumberCannotBeEmptyIfTicketNumberNotSentInRequest"/>
  <testcase time="0" classname="com.skilrock.lms.rest.scratchService.pwtMgmt.controller.ScratchWinningControllerTest" name="verifyAndPayWinning_Returns2002CodeForInvalidJson"/>
  <testcase time="0" classname="com.skilrock.lms.rest.scratchService.pwtMgmt.controller.ScratchWinningControllerTest" name="verifyAndPayWinning_ReturnsInvalidUserIfUserInfoBeanIsNull">
    <skipped/>
  </testcase>
  <testcase time="0.15" classname="com.skilrock.lms.rest.scratchService.pwtMgmt.controller.ScratchWinningControllerTest" name="verifyAndPayWinning_ReturnsStatusWinForPWTTicketNumber"/>
  <testcase time="0.004" classname="com.skilrock.lms.rest.scratchService.pwtMgmt.controller.ScratchWinningControllerTest" name="verifyAndPayWinning_Returns2021CodeIfTpUserIdNotSentInRequest"/>
  <testcase time="0.004" classname="com.skilrock.lms.rest.scratchService.pwtMgmt.controller.ScratchWinningControllerTest" name="verifyAndPayWinning_ReturnsMessageTpUserIdCannotBeEmptyIfTicketNumberNotSentInRequest"/>
  <testcase time="0.001" classname="com.skilrock.lms.rest.scratchService.pwtMgmt.controller.ScratchWinningControllerTest" name="verifyWinning_ReturnsErrorMessageWhenRequestIdNotProvided"/>
  <testcase time="0" classname="com.skilrock.lms.rest.scratchService.pwtMgmt.controller.ScratchWinningControllerTest" name="verifyAndPayWinning_ReturnsMessageSomeInternalErrorForEmptyString"/>
  <testcase time="0" classname="com.skilrock.lms.rest.scratchService.pwtMgmt.controller.ScratchWinningControllerTest" name="verifyWinning_ReturnsErrorMessageWhenTPUserIdNotProvided"/>
  <testcase time="0.004" classname="com.skilrock.lms.rest.scratchService.pwtMgmt.controller.ScratchWinningControllerTest" name="verifyAndPayWinning_Returns2021CodeIfTicketNumberNotSentInRequest"/>
  <testcase time="0.004" classname="com.skilrock.lms.rest.scratchService.pwtMgmt.controller.ScratchWinningControllerTest" name="verifyAndPayWinning_Returns2021CodeIfVIRNNumberNotSentInRequest"/>
  <testcase time="0" classname="com.skilrock.lms.rest.scratchService.pwtMgmt.controller.ScratchWinningControllerTest" name="verifyWinning_ReturnsErrorMessageWhenEmptyJSON"/>
  <testcase time="0.001" classname="com.skilrock.lms.rest.scratchService.pwtMgmt.controller.ScratchWinningControllerTest" name="verifyWinning_ReturnsErrorMessageWhenUserNotExist"/>
  <testcase time="0.004" classname="com.skilrock.lms.rest.scratchService.pwtMgmt.controller.ScratchWinningControllerTest" name="verifyAndPayWinning_ReturnsMessageRequestIdCannotBeEmptyIfTicketNumberNotSentInRequest"/>
  <testcase time="0.003" classname="com.skilrock.lms.rest.scratchService.pwtMgmt.controller.ScratchWinningControllerTest" name="verifyAndPayWinning_Returns2021CodeIfRequestIdNotSentInRequest"/>
  <testcase time="0.003" classname="com.skilrock.lms.rest.scratchService.pwtMgmt.controller.ScratchWinningControllerTest" name="verifyWinning_ReturnsSuccessWhenTicketNumberHasWinningWithUnclaimedStatus"/>
  <testcase time="0.005" classname="com.skilrock.lms.rest.scratchService.pwtMgmt.controller.ScratchWinningControllerTest" name="verifyAndPayWinning_ReturnsStatusHighPrizeForNoPWTTicketNumber"/>
  <testcase time="0.005" classname="com.skilrock.lms.rest.scratchService.pwtMgmt.controller.ScratchWinningControllerTest" name="verifyAndPayWinning_ReturnsInvalidTicketForWrongTicketFormatInRequest"/>
  <testcase time="0.001" classname="com.skilrock.lms.rest.scratchService.pwtMgmt.controller.ScratchWinningControllerTest" name="verifyWinning_ReturnsErrorMessageWhenTktNoNotProvided"/>
  <testcase time="0" classname="com.skilrock.lms.rest.scratchService.pwtMgmt.controller.ScratchWinningControllerTest" name="verifyAndPayWinning_ReturnsMessageSomeInternalErrorForNullInput"/>
  <testcase time="0.004" classname="com.skilrock.lms.rest.scratchService.pwtMgmt.controller.ScratchWinningControllerTest" name="verifyAndPayWinning_ReturnsMessageTpUserIdNotProvidedIfTpUserIdNotSentInRequest"/>
  <testcase time="0.004" classname="com.skilrock.lms.rest.scratchService.pwtMgmt.controller.ScratchWinningControllerTest" name="verifyAndPayWinning_ReturnsStatusClaimedForNoPWTTicketNumber"/>
  <testcase time="0.004" classname="com.skilrock.lms.rest.scratchService.pwtMgmt.controller.ScratchWinningControllerTest" name="verifyAndPayWinning_ReturnsMessageRequestIdNotProvidedIfRequestIdNotSentInRequest"/>
  <testcase time="0.004" classname="com.skilrock.lms.rest.scratchService.pwtMgmt.controller.ScratchWinningControllerTest" name="verifyAndPayWinning_ReturnsMessageVIRNNumberNotProvidedIfVIRNNumberNotSentInRequest"/>
  <testcase time="0.002" classname="com.skilrock.lms.rest.scratchService.pwtMgmt.controller.ScratchWinningControllerTest" name="verifyWinning_ReturnsErrorMessageSomeInternalErrorForInvalidJson"/>
  <testcase time="0.004" classname="com.skilrock.lms.rest.scratchService.pwtMgmt.controller.ScratchWinningControllerTest" name="verifyAndPayWinning_ReturnsMessageTicketNumberNotProvidedIfTicketNumberNotSentInRequest"/>
  <testcase time="0.004" classname="com.skilrock.lms.rest.scratchService.pwtMgmt.controller.ScratchWinningControllerTest" name="verifyAndPayWinning_ReturnsMessageTicketNumberCannotBeEmptyIfTicketNumberNotSentInRequest"/>
  <testcase time="0" classname="com.skilrock.lms.rest.scratchService.pwtMgmt.controller.ScratchWinningControllerTest" name="verifyAndPayWinning_ReturnsMessageSomeInternalErrorForInvalidJson"/>
  <testcase time="0.005" classname="com.skilrock.lms.rest.scratchService.pwtMgmt.controller.ScratchWinningControllerTest" name="verifyAndPayWinning_ReturnsWinAmountForPWTTicketNumber"/>
  <testcase time="0.001" classname="com.skilrock.lms.rest.scratchService.pwtMgmt.controller.ScratchWinningControllerTest" name="verifyWinning_ReturnsErrorMessageWhenVirnNoNotProvided"/>
  <testcase time="0.004" classname="com.skilrock.lms.rest.scratchService.pwtMgmt.controller.ScratchWinningControllerTest" name="verifyAndPayWinning_ReturnsNoWinningForNoPWTTicketNumber"/>
</testsuite>